{
  "stats": {
    "suites": 1,
    "tests": 1,
    "passes": 1,
    "pending": 0,
    "failures": 0,
    "start": "2022-05-12T14:43:26.247Z",
    "end": "2022-05-12T14:43:26.630Z",
    "duration": 383,
    "testsRegistered": 1,
    "passPercent": 100,
    "pendingPercent": 0,
    "other": 0,
    "hasOther": false,
    "skipped": 0,
    "hasSkipped": false
  },
  "results": [
    {
      "uuid": "c17995d9-e102-43f7-b3e8-80dd3cb7cd53",
      "title": "",
      "fullFile": "cypress/integration/api/PUT/Policy.spec.js",
      "file": "cypress/integration/api/PUT/Policy.spec.js",
      "beforeHooks": [],
      "afterHooks": [],
      "tests": [],
      "suites": [
        {
          "uuid": "6dd487fd-9547-478a-b002-692b8a1bb034",
          "title": "PUT - Endpoint Tax Transaction",
          "fullFile": "",
          "file": "",
          "beforeHooks": [],
          "afterHooks": [],
          "tests": [
            {
              "title": "Validar retorno - Tax Transaction",
              "fullTitle": "PUT - Endpoint Tax Transaction Validar retorno - Tax Transaction",
              "timedOut": null,
              "duration": 373,
              "state": "passed",
              "speed": "fast",
              "pass": true,
              "fail": false,
              "pending": false,
              "context": null,
              "code": "_Policy.default.putTaxTransaction(payloadTaxTransaction.envioSucesso.body).should(response => {\n  expect(response.status).to.equal(payloadTaxTransaction.envioSucesso.respostaStatusCodeSuccess);\n});",
              "err": {},
              "uuid": "2e03ef35-cb0a-4313-853d-e36da0ca3a8f",
              "parentUUID": "6dd487fd-9547-478a-b002-692b8a1bb034",
              "isHook": false,
              "skipped": false
            }
          ],
          "suites": [],
          "passes": [
            "2e03ef35-cb0a-4313-853d-e36da0ca3a8f"
          ],
          "failures": [],
          "pending": [],
          "skipped": [],
          "duration": 373,
          "root": false,
          "rootEmpty": false,
          "_timeout": 2000
        }
      ],
      "passes": [],
      "failures": [],
      "pending": [],
      "skipped": [],
      "duration": 0,
      "root": true,
      "rootEmpty": true,
      "_timeout": 2000
    }
  ],
  "meta": {
    "mocha": {
      "version": "7.0.1"
    },
    "mochawesome": {
      "options": {
        "quiet": false,
        "reportFilename": "report",
        "saveHtml": true,
        "saveJson": true,
        "consoleReporter": "spec",
        "useInlineDiffs": false,
        "code": true
      },
      "version": "7.1.3"
    },
    "marge": {
      "options": {
        "reporterDir": "cypress/reports",
        "reportFilename": "report",
        "overwrite": true,
        "html": true,
        "json": true,
        "charts": true
      },
      "version": "6.2.0"
    }
  }
}